<?xml version="1.0" encoding="UTF-8"?>
<testng-results skipped="0" failed="0" total="1" passed="1">
  <reporter-output>
  </reporter-output>
  <suite name="GOB" duration-ms="36346" started-at="2018-06-13T14:14:16Z" finished-at="2018-06-13T14:14:52Z">
    <groups>
      <group name="Validación pantalla">
        <method signature="GOB_ScreenValidation.screenValidation(java.lang.String, java.lang.String, java.lang.String)[pri:0, instance:ricoh.es.presentation.GOB_ScreenValidation@5702b3b1]" name="screenValidation" class="ricoh.es.presentation.GOB_ScreenValidation"/>
      </group> <!-- Validación pantalla -->
      <group name="GOB">
        <method signature="GOB_ScreenValidation.screenValidation(java.lang.String, java.lang.String, java.lang.String)[pri:0, instance:ricoh.es.presentation.GOB_ScreenValidation@5702b3b1]" name="screenValidation" class="ricoh.es.presentation.GOB_ScreenValidation"/>
      </group> <!-- GOB -->
    </groups>
    <test name="TestCase 1" duration-ms="36346" started-at="2018-06-13T14:14:16Z" finished-at="2018-06-13T14:14:52Z">
      <class name="ricoh.es.presentation.GOB_ScreenValidation">
        <test-method status="PASS" signature="screenValidation(java.lang.String, java.lang.String, java.lang.String)[pri:0, instance:ricoh.es.presentation.GOB_ScreenValidation@5702b3b1]" name="screenValidation" duration-ms="36315" started-at="2018-06-13T16:14:16Z" data-provider="dp" finished-at="2018-06-13T16:14:52Z">
          <params>
            <param index="0">
              <value>
                <![CDATA[07/06/2018]]>
              </value>
            </param>
            <param index="1">
              <value>
                <![CDATA[13]]>
              </value>
            </param>
            <param index="2">
              <value>
                <![CDATA[]]>
              </value>
            </param>
          </params>
          <reporter-output>
          </reporter-output>
        </test-method> <!-- screenValidation -->
      </class> <!-- ricoh.es.presentation.GOB_ScreenValidation -->
    </test> <!-- TestCase 1 -->
  </suite> <!-- GOB -->
</testng-results>
